<?xml version="1.0" encoding="UTF-8"?>
<!-- Generated by org.testng.reporters.JUnitXMLReporter -->
<testsuite ignored="0" hostname="ashok" failures="2" tests="2" name="Test" time="0.081" errors="0" timestamp="2024-03-13T22:28:55 GST">
  <testcase classname="org.testngtask.TaskParameterOptional" name="a" time="0.0">
    <failure type="org.testng.TestNGException" message="
Conversion issue on parameter: a">
      <![CDATA[org.testng.TestNGException: 
Conversion issue on parameter: a
at java.base/java.util.ArrayList.forEach(ArrayList.java:1511)
Caused by: java.lang.NumberFormatException: For input string: " 45"
at java.base/java.lang.NumberFormatException.forInputString(NumberFormatException.java:67)
at java.base/java.lang.Integer.parseInt(Integer.java:654)
at java.base/java.lang.Integer.valueOf(Integer.java:999)
... 27 more
... Removed 28 stack frames]]>
    </failure>
  </testcase> <!-- a -->
  <testcase classname="org.testngtask.TaskParameters" name="add" time="0.0">
    <failure type="org.testng.TestNGException" message="
Parameter &amp;apos;username&amp;apos; is required by @Test on method add but has not been marked @Optional or defined
in C:\Users\Asus\eclipse-workspace\MavenTask1\testngparallel.xml">
      <![CDATA[org.testng.TestNGException: 
Parameter 'username' is required by @Test on method add but has not been marked @Optional or defined
in C:\Users\Asus\eclipse-workspace\MavenTask1\testngparallel.xml
at java.base/java.util.ArrayList.forEach(ArrayList.java:1511)
... Removed 26 stack frames]]>
    </failure>
  </testcase> <!-- add -->
</testsuite> <!-- Test -->
